<?xml version="1.0" encoding="UTF-8"?>
<!-- Generated by org.testng.reporters.JUnitXMLReporter -->
<testsuite ignored="0" hostname="LAPTOP-9VDOL1U8" failures="0" tests="0" name="NaukriProfileUpdaterTest" time="0.392" errors="0" timestamp="2025-05-05T09:34:32 IST">
  <testcase classname="io.cucumber.testng.AbstractTestNGCucumberTests" name="@BeforeClass setUpClass" time="0.348">
    <failure type="java.lang.IllegalArgumentException" message="path must exist: C:\Users\Manoj N Raikar\eclipse-workspace\Naukri_Profile_Update\dist\src\test\resources\features\NaukriProfileUpdate.feature">
      <![CDATA[java.lang.IllegalArgumentException: path must exist: C:\Users\Manoj N Raikar\eclipse-workspace\Naukri_Profile_Update\dist\src\test\resources\features\NaukriProfileUpdate.feature
at io.cucumber.core.resource.PathScanner.findResourcesForPath(PathScanner.java:49)
at io.cucumber.core.resource.PathScanner.findResourcesForUri(PathScanner.java:31)
at io.cucumber.core.resource.ResourceScanner.findResourcesForUri(ResourceScanner.java:61)
at io.cucumber.core.resource.ResourceScanner.scanForResourcesUri(ResourceScanner.java:134)
at io.cucumber.core.runtime.FeaturePathFeatureSupplier.loadFeatures(FeaturePathFeatureSupplier.java:62)
at io.cucumber.core.runtime.FeaturePathFeatureSupplier.get(FeaturePathFeatureSupplier.java:45)
at io.cucumber.testng.TestNGCucumberRunner.<init>(TestNGCucumberRunner.java:122)
at io.cucumber.testng.AbstractTestNGCucumberTests.setUpClass(AbstractTestNGCucumberTests.java:27)
at java.base/java.util.ArrayList.forEach(ArrayList.java:1511)
at mainRunner.TestNGJarMainRunner.main(TestNGJarMainRunner.java:10)
at org.eclipse.jdt.internal.jarinjarloader.JarRsrcLoader.main(JarRsrcLoader.java:61)
... Removed 22 stack frames]]>
    </failure>
  </testcase> <!-- @BeforeClass setUpClass -->
</testsuite> <!-- NaukriProfileUpdaterTest -->
