<?xml version="1.0" encoding="UTF-8"?>
<!-- Generated by org.testng.reporters.JUnitXMLReporter -->
<testsuite ignored="0" hostname="LAPTOP-9VDOL1U8" failures="2" tests="3" name="Test" time="37.466" errors="0" timestamp="2025-05-04T18:40:23 IST">
  <testcase classname="io.cucumber.testng.AbstractTestNGCucumberTests" name="runScenario" time="17.735"/>
  <testcase classname="io.cucumber.testng.AbstractTestNGCucumberTests" name="runScenario" time="10.005">
    <failure type="java.lang.NullPointerException" message="Cannot invoke &amp;quot;utils.ConfigReader.getProperty(String)&amp;quot; because &amp;quot;this.config&amp;quot; is null">
      <![CDATA[java.lang.NullPointerException: Cannot invoke "utils.ConfigReader.getProperty(String)" because "this.config" is null
at stepDefinations.NaukriStepDefinitions.openProfilePage(NaukriStepDefinitions.java:48)
at ✽.user is on Naukri profile page(file:///C:/Users/Manoj%20N%20Raikar/eclipse-workspace/Naukri_Profile_Update/src/test/resources/features/NaukriProfileUpdate.feature:9)
]]>
    </failure>
  </testcase> <!-- runScenario -->
  <testcase classname="io.cucumber.testng.AbstractTestNGCucumberTests" name="runScenario" time="9.03">
    <failure type="java.lang.NullPointerException" message="Cannot invoke &amp;quot;utils.ConfigReader.getProperty(String)&amp;quot; because &amp;quot;this.config&amp;quot; is null">
      <![CDATA[java.lang.NullPointerException: Cannot invoke "utils.ConfigReader.getProperty(String)" because "this.config" is null
at stepDefinations.NaukriStepDefinitions.openProfilePage(NaukriStepDefinitions.java:48)
at ✽.user is on Naukri profile page(file:///C:/Users/Manoj%20N%20Raikar/eclipse-workspace/Naukri_Profile_Update/src/test/resources/features/NaukriProfileUpdate.feature:14)
]]>
    </failure>
  </testcase> <!-- runScenario -->
</testsuite> <!-- Test -->
