<?xml version="1.0" encoding="UTF-8"?>
<testng-results ignored="0" total="3" passed="3" failed="0" skipped="0">
  <reporter-output>
  </reporter-output>
  <suite started-at="2025-05-05T10:18:23 IST" name="NaukriProfileUpdaterSuite" finished-at="2025-05-05T10:19:48 IST" duration-ms="85616">
    <groups>
      <group name="cucumber">
        <method signature="AbstractTestNGCucumberTests.runScenario(io.cucumber.testng.PickleWrapper,io.cucumber.testng.FeatureWrapper)[pri:0, instance:testRunner.TestRunner@2b662a77]" name="runScenario" class="io.cucumber.testng.AbstractTestNGCucumberTests"/>
      </group> <!-- cucumber -->
    </groups>
    <test started-at="2025-05-05T10:18:23 IST" name="NaukriProfileUpdaterTest" finished-at="2025-05-05T10:19:48 IST" duration-ms="85616">
      <class name="testRunner.TestRunner">
        <test-method is-config="true" signature="setUpClass(org.testng.ITestContext)[pri:0, instance:testRunner.TestRunner@2b662a77]" started-at="2025-05-05T10:18:23 IST" name="setUpClass" finished-at="2025-05-05T10:18:24 IST" duration-ms="1178" status="PASS">
          <params>
            <param index="0">
              <value>
                <![CDATA[org.testng.TestRunner@42f85fa4]]>
              </value>
            </param>
          </params>
          <reporter-output>
          </reporter-output>
        </test-method> <!-- setUpClass -->
        <test-method signature="runScenario(io.cucumber.testng.PickleWrapper,io.cucumber.testng.FeatureWrapper)[pri:0, instance:testRunner.TestRunner@2b662a77]" started-at="2025-05-05T10:18:24 IST" name="runScenario" description="Runs Cucumber Scenarios" data-provider="scenarios" finished-at="2025-05-05T10:18:47 IST" duration-ms="22792" status="PASS">
          <params>
            <param index="0">
              <value>
                <![CDATA["Login to Naukri"]]>
              </value>
            </param>
            <param index="1">
              <value>
                <![CDATA["Update Naukri Profile"]]>
              </value>
            </param>
          </params>
          <reporter-output>
          </reporter-output>
        </test-method> <!-- runScenario -->
        <test-method signature="runScenario(io.cucumber.testng.PickleWrapper,io.cucumber.testng.FeatureWrapper)[pri:0, instance:testRunner.TestRunner@2b662a77]" started-at="2025-05-05T10:18:47 IST" name="runScenario" description="Runs Cucumber Scenarios" data-provider="scenarios" finished-at="2025-05-05T10:19:21 IST" duration-ms="34542" status="PASS">
          <params>
            <param index="0">
              <value>
                <![CDATA["Update Key Skills in profile"]]>
              </value>
            </param>
            <param index="1">
              <value>
                <![CDATA["Update Naukri Profile"]]>
              </value>
            </param>
          </params>
          <reporter-output>
          </reporter-output>
        </test-method> <!-- runScenario -->
        <test-method signature="runScenario(io.cucumber.testng.PickleWrapper,io.cucumber.testng.FeatureWrapper)[pri:0, instance:testRunner.TestRunner@2b662a77]" started-at="2025-05-05T10:19:21 IST" name="runScenario" description="Runs Cucumber Scenarios" data-provider="scenarios" finished-at="2025-05-05T10:19:48 IST" duration-ms="26951" status="PASS">
          <params>
            <param index="0">
              <value>
                <![CDATA["Upload resume to profile"]]>
              </value>
            </param>
            <param index="1">
              <value>
                <![CDATA["Update Naukri Profile"]]>
              </value>
            </param>
          </params>
          <reporter-output>
          </reporter-output>
        </test-method> <!-- runScenario -->
        <test-method is-config="true" signature="tearDownClass()[pri:0, instance:testRunner.TestRunner@2b662a77]" started-at="2025-05-05T10:19:48 IST" name="tearDownClass" finished-at="2025-05-05T10:19:48 IST" duration-ms="72" status="PASS">
          <reporter-output>
          </reporter-output>
        </test-method> <!-- tearDownClass -->
        <test-method is-config="true" signature="openReport()[pri:0, instance:testRunner.TestRunner@2b662a77]" started-at="2025-05-05T10:19:48 IST" name="openReport" finished-at="2025-05-05T10:19:49 IST" duration-ms="834" status="PASS">
          <reporter-output>
          </reporter-output>
        </test-method> <!-- openReport -->
      </class> <!-- testRunner.TestRunner -->
    </test> <!-- NaukriProfileUpdaterTest -->
  </suite> <!-- NaukriProfileUpdaterSuite -->
</testng-results>
