<?xml version="1.0" encoding="UTF-8"?>
<testng-results ignored="0" total="3" passed="3" failed="0" skipped="0">
  <reporter-output>
  </reporter-output>
  <suite started-at="2025-05-05T09:15:00 IST" name="NaukriProfileUpdaterSuite" finished-at="2025-05-05T09:16:17 IST" duration-ms="77305">
    <groups>
      <group name="cucumber">
        <method signature="AbstractTestNGCucumberTests.runScenario(io.cucumber.testng.PickleWrapper,io.cucumber.testng.FeatureWrapper)[pri:0, instance:testRunner.TestRunner@2d2ffcb7]" name="runScenario" class="io.cucumber.testng.AbstractTestNGCucumberTests"/>
      </group> <!-- cucumber -->
    </groups>
    <test started-at="2025-05-05T09:15:00 IST" name="NaukriProfileUpdaterTest" finished-at="2025-05-05T09:16:17 IST" duration-ms="77305">
      <class name="testRunner.TestRunner">
        <test-method is-config="true" signature="setUpClass(org.testng.ITestContext)[pri:0, instance:testRunner.TestRunner@2d2ffcb7]" started-at="2025-05-05T09:15:00 IST" name="setUpClass" finished-at="2025-05-05T09:15:01 IST" duration-ms="677" status="PASS">
          <params>
            <param index="0">
              <value>
                <![CDATA[org.testng.TestRunner@7412a438]]>
              </value>
            </param>
          </params>
          <reporter-output>
          </reporter-output>
        </test-method> <!-- setUpClass -->
        <test-method signature="runScenario(io.cucumber.testng.PickleWrapper,io.cucumber.testng.FeatureWrapper)[pri:0, instance:testRunner.TestRunner@2d2ffcb7]" started-at="2025-05-05T09:15:01 IST" name="runScenario" description="Runs Cucumber Scenarios" data-provider="scenarios" finished-at="2025-05-05T09:15:23 IST" duration-ms="22240" status="PASS">
          <params>
            <param index="0">
              <value>
                <![CDATA["Login to Naukri"]]>
              </value>
            </param>
            <param index="1">
              <value>
                <![CDATA["Update Naukri Profile"]]>
              </value>
            </param>
          </params>
          <reporter-output>
          </reporter-output>
        </test-method> <!-- runScenario -->
        <test-method signature="runScenario(io.cucumber.testng.PickleWrapper,io.cucumber.testng.FeatureWrapper)[pri:0, instance:testRunner.TestRunner@2d2ffcb7]" started-at="2025-05-05T09:15:23 IST" name="runScenario" description="Runs Cucumber Scenarios" data-provider="scenarios" finished-at="2025-05-05T09:15:54 IST" duration-ms="30555" status="PASS">
          <params>
            <param index="0">
              <value>
                <![CDATA["Update Key Skills in profile"]]>
              </value>
            </param>
            <param index="1">
              <value>
                <![CDATA["Update Naukri Profile"]]>
              </value>
            </param>
          </params>
          <reporter-output>
          </reporter-output>
        </test-method> <!-- runScenario -->
        <test-method signature="runScenario(io.cucumber.testng.PickleWrapper,io.cucumber.testng.FeatureWrapper)[pri:0, instance:testRunner.TestRunner@2d2ffcb7]" started-at="2025-05-05T09:15:54 IST" name="runScenario" description="Runs Cucumber Scenarios" data-provider="scenarios" finished-at="2025-05-05T09:16:17 IST" duration-ms="23727" status="PASS">
          <params>
            <param index="0">
              <value>
                <![CDATA["Upload resume to profile"]]>
              </value>
            </param>
            <param index="1">
              <value>
                <![CDATA["Update Naukri Profile"]]>
              </value>
            </param>
          </params>
          <reporter-output>
          </reporter-output>
        </test-method> <!-- runScenario -->
        <test-method is-config="true" signature="tearDownClass()[pri:0, instance:testRunner.TestRunner@2d2ffcb7]" started-at="2025-05-05T09:16:17 IST" name="tearDownClass" finished-at="2025-05-05T09:16:17 IST" duration-ms="45" status="PASS">
          <reporter-output>
          </reporter-output>
        </test-method> <!-- tearDownClass -->
        <test-method is-config="true" signature="openReport()[pri:0, instance:testRunner.TestRunner@2d2ffcb7]" started-at="2025-05-05T09:16:18 IST" name="openReport" finished-at="2025-05-05T09:16:18 IST" duration-ms="432" status="PASS">
          <reporter-output>
          </reporter-output>
        </test-method> <!-- openReport -->
      </class> <!-- testRunner.TestRunner -->
    </test> <!-- NaukriProfileUpdaterTest -->
  </suite> <!-- NaukriProfileUpdaterSuite -->
</testng-results>
